{"name":"hexo","hostname":"admins-iMac.local","pid":2486,"level":20,"msg":"Hexo version: \u001b[35m3.3.7\u001b[39m","time":"2017-11-21T06:40:01.744Z","v":0}
{"name":"hexo","hostname":"admins-iMac.local","pid":2486,"level":20,"msg":"Working directory: \u001b[35m~/Documents/GITREPO/30_qilian_blog/\u001b[39m","time":"2017-11-21T06:40:01.744Z","v":0}
{"name":"hexo","hostname":"admins-iMac.local","pid":2486,"level":20,"msg":"Config loaded: \u001b[35m~/Documents/GITREPO/30_qilian_blog/_config.yml\u001b[39m","time":"2017-11-21T06:40:01.795Z","v":0}
{"name":"hexo","hostname":"admins-iMac.local","pid":2486,"level":20,"msg":"Plugin loaded: \u001b[35mhexo-deployer-git\u001b[39m","time":"2017-11-21T06:40:01.806Z","v":0}
{"name":"hexo","hostname":"admins-iMac.local","pid":2486,"level":20,"msg":"Plugin loaded: \u001b[35mhexo-deployer-rsync\u001b[39m","time":"2017-11-21T06:40:01.807Z","v":0}
{"name":"hexo","hostname":"admins-iMac.local","pid":2486,"level":20,"msg":"Plugin loaded: \u001b[35mhexo-generator-category\u001b[39m","time":"2017-11-21T06:40:01.809Z","v":0}
{"name":"hexo","hostname":"admins-iMac.local","pid":2486,"level":20,"msg":"Plugin loaded: \u001b[35mhexo-generator-archive\u001b[39m","time":"2017-11-21T06:40:01.810Z","v":0}
{"name":"hexo","hostname":"admins-iMac.local","pid":2486,"level":20,"msg":"Plugin loaded: \u001b[35mhexo-generator-index\u001b[39m","time":"2017-11-21T06:40:01.811Z","v":0}
{"name":"hexo","hostname":"admins-iMac.local","pid":2486,"level":20,"msg":"Plugin loaded: \u001b[35mhexo-generator-searchdb\u001b[39m","time":"2017-11-21T06:40:01.813Z","v":0}
{"name":"hexo","hostname":"admins-iMac.local","pid":2486,"level":20,"msg":"Plugin loaded: \u001b[35mhexo-generator-tag\u001b[39m","time":"2017-11-21T06:40:01.814Z","v":0}
{"name":"hexo","hostname":"admins-iMac.local","pid":2486,"level":20,"msg":"Plugin loaded: \u001b[35mhexo-renderer-ejs\u001b[39m","time":"2017-11-21T06:40:01.814Z","v":0}
{"name":"hexo","hostname":"admins-iMac.local","pid":2486,"level":20,"msg":"Plugin loaded: \u001b[35mhexo-renderer-stylus\u001b[39m","time":"2017-11-21T06:40:01.815Z","v":0}
{"name":"hexo","hostname":"admins-iMac.local","pid":2486,"level":20,"msg":"Plugin loaded: \u001b[35mhexo-renderer-marked\u001b[39m","time":"2017-11-21T06:40:01.820Z","v":0}
{"name":"hexo","hostname":"admins-iMac.local","pid":2486,"level":20,"msg":"Plugin loaded: \u001b[35mhexo-server\u001b[39m","time":"2017-11-21T06:40:01.862Z","v":0}
{"name":"hexo","hostname":"admins-iMac.local","pid":2486,"level":20,"msg":"Loading database.","time":"2017-11-21T06:40:01.863Z","v":0}
{"name":"hexo","hostname":"admins-iMac.local","pid":2486,"level":30,"msg":"Start processing","time":"2017-11-21T06:40:01.943Z","v":0}
{"name":"hexo","hostname":"admins-iMac.local","pid":2486,"level":20,"msg":"Processed: \u001b[35m404.html\u001b[39m","time":"2017-11-21T06:40:01.967Z","v":0}
{"name":"hexo","hostname":"admins-iMac.local","pid":2486,"level":20,"msg":"Processed: \u001b[35mfavicon.ico\u001b[39m","time":"2017-11-21T06:40:01.967Z","v":0}
{"name":"hexo","hostname":"admins-iMac.local","pid":2486,"level":20,"msg":"Processed: \u001b[35mabout/index.md\u001b[39m","time":"2017-11-21T06:40:02.011Z","v":0}
{"name":"hexo","hostname":"admins-iMac.local","pid":2486,"level":20,"msg":"Processed: \u001b[35mcategories/index.md\u001b[39m","time":"2017-11-21T06:40:02.011Z","v":0}
{"name":"hexo","hostname":"admins-iMac.local","pid":2486,"level":20,"msg":"Processed: \u001b[35m_posts/20120501.md\u001b[39m","time":"2017-11-21T06:40:02.011Z","v":0}
{"name":"hexo","hostname":"admins-iMac.local","pid":2486,"level":20,"msg":"Processed: \u001b[35m_posts/20120528.md\u001b[39m","time":"2017-11-21T06:40:02.011Z","v":0}
{"name":"hexo","hostname":"admins-iMac.local","pid":2486,"level":20,"msg":"Processed: \u001b[35m_posts/20120512.md\u001b[39m","time":"2017-11-21T06:40:02.011Z","v":0}
{"name":"hexo","hostname":"admins-iMac.local","pid":2486,"level":20,"msg":"Processed: \u001b[35m_posts/20120610.md\u001b[39m","time":"2017-11-21T06:40:02.011Z","v":0}
{"name":"hexo","hostname":"admins-iMac.local","pid":2486,"level":20,"msg":"Processed: \u001b[35m_posts/20120616.md\u001b[39m","time":"2017-11-21T06:40:02.011Z","v":0}
{"name":"hexo","hostname":"admins-iMac.local","pid":2486,"level":20,"msg":"Processed: \u001b[35m_posts/20120720.md\u001b[39m","time":"2017-11-21T06:40:02.011Z","v":0}
{"name":"hexo","hostname":"admins-iMac.local","pid":2486,"level":20,"msg":"Processed: \u001b[35m_posts/20140824_lifestyle_firework_photos.md\u001b[39m","time":"2017-11-21T06:40:02.012Z","v":0}
{"name":"hexo","hostname":"admins-iMac.local","pid":2486,"level":20,"msg":"Processed: \u001b[35m_posts/20141014_FB_600_Likes.md\u001b[39m","time":"2017-11-21T06:40:02.012Z","v":0}
{"name":"hexo","hostname":"admins-iMac.local","pid":2486,"level":20,"msg":"Processed: \u001b[35m_posts/20141227.md\u001b[39m","time":"2017-11-21T06:40:02.012Z","v":0}
{"name":"hexo","hostname":"admins-iMac.local","pid":2486,"level":20,"msg":"Processed: \u001b[35m_posts/20141231.md\u001b[39m","time":"2017-11-21T06:40:02.012Z","v":0}
{"name":"hexo","hostname":"admins-iMac.local","pid":2486,"level":20,"msg":"Processed: \u001b[35m_posts/20150218.md\u001b[39m","time":"2017-11-21T06:40:02.012Z","v":0}
{"name":"hexo","hostname":"admins-iMac.local","pid":2486,"level":20,"msg":"Processed: \u001b[35m_posts/20150619.md\u001b[39m","time":"2017-11-21T06:40:02.012Z","v":0}
{"name":"hexo","hostname":"admins-iMac.local","pid":2486,"level":20,"msg":"Processed: \u001b[35m_posts/20150620.md\u001b[39m","time":"2017-11-21T06:40:02.012Z","v":0}
{"name":"hexo","hostname":"admins-iMac.local","pid":2486,"level":20,"msg":"Processed: \u001b[35m_posts/20150711.md\u001b[39m","time":"2017-11-21T06:40:02.012Z","v":0}
{"name":"hexo","hostname":"admins-iMac.local","pid":2486,"level":20,"msg":"Processed: \u001b[35m_posts/20150726.md\u001b[39m","time":"2017-11-21T06:40:02.012Z","v":0}
{"name":"hexo","hostname":"admins-iMac.local","pid":2486,"level":20,"msg":"Processed: \u001b[35m_posts/20150727.md\u001b[39m","time":"2017-11-21T06:40:02.012Z","v":0}
{"name":"hexo","hostname":"admins-iMac.local","pid":2486,"level":20,"msg":"Processed: \u001b[35m_posts/20150822.md\u001b[39m","time":"2017-11-21T06:40:02.012Z","v":0}
{"name":"hexo","hostname":"admins-iMac.local","pid":2486,"level":20,"msg":"Processed: \u001b[35m_posts/20150821.md\u001b[39m","time":"2017-11-21T06:40:02.012Z","v":0}
{"name":"hexo","hostname":"admins-iMac.local","pid":2486,"level":20,"msg":"Processed: \u001b[35m_posts/20150911.md\u001b[39m","time":"2017-11-21T06:40:02.012Z","v":0}
{"name":"hexo","hostname":"admins-iMac.local","pid":2486,"level":20,"msg":"Processed: \u001b[35m_posts/20151001.md\u001b[39m","time":"2017-11-21T06:40:02.012Z","v":0}
{"name":"hexo","hostname":"admins-iMac.local","pid":2486,"level":20,"msg":"Processed: \u001b[35m_posts/20151009.md\u001b[39m","time":"2017-11-21T06:40:02.012Z","v":0}
{"name":"hexo","hostname":"admins-iMac.local","pid":2486,"level":20,"msg":"Processed: \u001b[35m_posts/20151010.md\u001b[39m","time":"2017-11-21T06:40:02.012Z","v":0}
{"name":"hexo","hostname":"admins-iMac.local","pid":2486,"level":20,"msg":"Processed: \u001b[35m_posts/20151029.md\u001b[39m","time":"2017-11-21T06:40:02.012Z","v":0}
{"name":"hexo","hostname":"admins-iMac.local","pid":2486,"level":20,"msg":"Processed: \u001b[35m_posts/20151031.md\u001b[39m","time":"2017-11-21T06:40:02.012Z","v":0}
{"name":"hexo","hostname":"admins-iMac.local","pid":2486,"level":20,"msg":"Processed: \u001b[35m_posts/20151031_sharing.md\u001b[39m","time":"2017-11-21T06:40:02.013Z","v":0}
{"name":"hexo","hostname":"admins-iMac.local","pid":2486,"level":20,"msg":"Processed: \u001b[35m_posts/20151106.md\u001b[39m","time":"2017-11-21T06:40:02.013Z","v":0}
{"name":"hexo","hostname":"admins-iMac.local","pid":2486,"level":20,"msg":"Processed: \u001b[35m_posts/20151111.md\u001b[39m","time":"2017-11-21T06:40:02.013Z","v":0}
{"name":"hexo","hostname":"admins-iMac.local","pid":2486,"level":20,"msg":"Processed: \u001b[35m_posts/20151113.md\u001b[39m","time":"2017-11-21T06:40:02.013Z","v":0}
{"name":"hexo","hostname":"admins-iMac.local","pid":2486,"level":20,"msg":"Processed: \u001b[35m_posts/20151128.md\u001b[39m","time":"2017-11-21T06:40:02.013Z","v":0}
{"name":"hexo","hostname":"admins-iMac.local","pid":2486,"level":20,"msg":"Processed: \u001b[35m_posts/20151229.md\u001b[39m","time":"2017-11-21T06:40:02.013Z","v":0}
{"name":"hexo","hostname":"admins-iMac.local","pid":2486,"level":20,"msg":"Processed: \u001b[35m_posts/20151231.md\u001b[39m","time":"2017-11-21T06:40:02.013Z","v":0}
{"name":"hexo","hostname":"admins-iMac.local","pid":2486,"level":20,"msg":"Processed: \u001b[35m_posts/20151230.md\u001b[39m","time":"2017-11-21T06:40:02.013Z","v":0}
{"name":"hexo","hostname":"admins-iMac.local","pid":2486,"level":20,"msg":"Processed: \u001b[35m_posts/20160116.md\u001b[39m","time":"2017-11-21T06:40:02.013Z","v":0}
{"name":"hexo","hostname":"admins-iMac.local","pid":2486,"level":20,"msg":"Processed: \u001b[35m_posts/20160207.md\u001b[39m","time":"2017-11-21T06:40:02.013Z","v":0}
{"name":"hexo","hostname":"admins-iMac.local","pid":2486,"level":20,"msg":"Processed: \u001b[35m_posts/20160216.md\u001b[39m","time":"2017-11-21T06:40:02.013Z","v":0}
{"name":"hexo","hostname":"admins-iMac.local","pid":2486,"level":20,"msg":"Processed: \u001b[35m_posts/20160301.md\u001b[39m","time":"2017-11-21T06:40:02.013Z","v":0}
{"name":"hexo","hostname":"admins-iMac.local","pid":2486,"level":20,"msg":"Processed: \u001b[35m_posts/20160314.md\u001b[39m","time":"2017-11-21T06:40:02.013Z","v":0}
{"name":"hexo","hostname":"admins-iMac.local","pid":2486,"level":20,"msg":"Processed: \u001b[35m_posts/20160322.md\u001b[39m","time":"2017-11-21T06:40:02.013Z","v":0}
{"name":"hexo","hostname":"admins-iMac.local","pid":2486,"level":20,"msg":"Processed: \u001b[35m_posts/20160327.md\u001b[39m","time":"2017-11-21T06:40:02.013Z","v":0}
{"name":"hexo","hostname":"admins-iMac.local","pid":2486,"level":20,"msg":"Processed: \u001b[35m_posts/20160401.md\u001b[39m","time":"2017-11-21T06:40:02.013Z","v":0}
{"name":"hexo","hostname":"admins-iMac.local","pid":2486,"level":20,"msg":"Processed: \u001b[35m_posts/20160328.md\u001b[39m","time":"2017-11-21T06:40:02.013Z","v":0}
{"name":"hexo","hostname":"admins-iMac.local","pid":2486,"level":20,"msg":"Processed: \u001b[35m_posts/20160403.md\u001b[39m","time":"2017-11-21T06:40:02.013Z","v":0}
{"name":"hexo","hostname":"admins-iMac.local","pid":2486,"level":20,"msg":"Processed: \u001b[35m_posts/20160420.md\u001b[39m","time":"2017-11-21T06:40:02.013Z","v":0}
{"name":"hexo","hostname":"admins-iMac.local","pid":2486,"level":20,"msg":"Processed: \u001b[35m_posts/20160424.md\u001b[39m","time":"2017-11-21T06:40:02.013Z","v":0}
{"name":"hexo","hostname":"admins-iMac.local","pid":2486,"level":20,"msg":"Processed: \u001b[35m_posts/20160503.md\u001b[39m","time":"2017-11-21T06:40:02.013Z","v":0}
{"name":"hexo","hostname":"admins-iMac.local","pid":2486,"level":20,"msg":"Processed: \u001b[35m_posts/20160706.md\u001b[39m","time":"2017-11-21T06:40:02.013Z","v":0}
{"name":"hexo","hostname":"admins-iMac.local","pid":2486,"level":20,"msg":"Processed: \u001b[35m_posts/20160710.md\u001b[39m","time":"2017-11-21T06:40:02.013Z","v":0}
{"name":"hexo","hostname":"admins-iMac.local","pid":2486,"level":20,"msg":"Processed: \u001b[35m_posts/20160725.md\u001b[39m","time":"2017-11-21T06:40:02.013Z","v":0}
{"name":"hexo","hostname":"admins-iMac.local","pid":2486,"level":20,"msg":"Processed: \u001b[35m_posts/20160805.md\u001b[39m","time":"2017-11-21T06:40:02.013Z","v":0}
{"name":"hexo","hostname":"admins-iMac.local","pid":2486,"level":20,"msg":"Processed: \u001b[35m_posts/20160821.md\u001b[39m","time":"2017-11-21T06:40:02.013Z","v":0}
{"name":"hexo","hostname":"admins-iMac.local","pid":2486,"level":20,"msg":"Processed: \u001b[35m_posts/20160828.md\u001b[39m","time":"2017-11-21T06:40:02.013Z","v":0}
{"name":"hexo","hostname":"admins-iMac.local","pid":2486,"level":20,"msg":"Processed: \u001b[35m_posts/20160901.md\u001b[39m","time":"2017-11-21T06:40:02.014Z","v":0}
{"name":"hexo","hostname":"admins-iMac.local","pid":2486,"level":20,"msg":"Processed: \u001b[35m_posts/20160903.md\u001b[39m","time":"2017-11-21T06:40:02.014Z","v":0}
{"name":"hexo","hostname":"admins-iMac.local","pid":2486,"level":20,"msg":"Processed: \u001b[35m_posts/20160923.md\u001b[39m","time":"2017-11-21T06:40:02.014Z","v":0}
{"name":"hexo","hostname":"admins-iMac.local","pid":2486,"level":20,"msg":"Processed: \u001b[35m_posts/20160924.md\u001b[39m","time":"2017-11-21T06:40:02.014Z","v":0}
{"name":"hexo","hostname":"admins-iMac.local","pid":2486,"level":20,"msg":"Processed: \u001b[35m_posts/20161016.md\u001b[39m","time":"2017-11-21T06:40:02.014Z","v":0}
{"name":"hexo","hostname":"admins-iMac.local","pid":2486,"level":20,"msg":"Processed: \u001b[35m_posts/20161019.md\u001b[39m","time":"2017-11-21T06:40:02.014Z","v":0}
{"name":"hexo","hostname":"admins-iMac.local","pid":2486,"level":20,"msg":"Processed: \u001b[35m_posts/20161114.md\u001b[39m","time":"2017-11-21T06:40:02.014Z","v":0}
{"name":"hexo","hostname":"admins-iMac.local","pid":2486,"level":20,"msg":"Processed: \u001b[35m_posts/20161117.md\u001b[39m","time":"2017-11-21T06:40:02.014Z","v":0}
{"name":"hexo","hostname":"admins-iMac.local","pid":2486,"level":20,"msg":"Processed: \u001b[35m_posts/20161118.md\u001b[39m","time":"2017-11-21T06:40:02.014Z","v":0}
{"name":"hexo","hostname":"admins-iMac.local","pid":2486,"level":20,"msg":"Processed: \u001b[35m_posts/20161126.md\u001b[39m","time":"2017-11-21T06:40:02.014Z","v":0}
{"name":"hexo","hostname":"admins-iMac.local","pid":2486,"level":20,"msg":"Processed: \u001b[35m_posts/20161128.md\u001b[39m","time":"2017-11-21T06:40:02.014Z","v":0}
{"name":"hexo","hostname":"admins-iMac.local","pid":2486,"level":20,"msg":"Processed: \u001b[35m_posts/20161203.md\u001b[39m","time":"2017-11-21T06:40:02.014Z","v":0}
{"name":"hexo","hostname":"admins-iMac.local","pid":2486,"level":20,"msg":"Processed: \u001b[35m_posts/20161215.md\u001b[39m","time":"2017-11-21T06:40:02.014Z","v":0}
{"name":"hexo","hostname":"admins-iMac.local","pid":2486,"level":20,"msg":"Processed: \u001b[35m_posts/20161216.md\u001b[39m","time":"2017-11-21T06:40:02.014Z","v":0}
{"name":"hexo","hostname":"admins-iMac.local","pid":2486,"level":20,"msg":"Processed: \u001b[35m_posts/20161218.md\u001b[39m","time":"2017-11-21T06:40:02.014Z","v":0}
{"name":"hexo","hostname":"admins-iMac.local","pid":2486,"level":20,"msg":"Processed: \u001b[35m_posts/20161217.md\u001b[39m","time":"2017-11-21T06:40:02.014Z","v":0}
{"name":"hexo","hostname":"admins-iMac.local","pid":2486,"level":20,"msg":"Processed: \u001b[35m_posts/20161223.md\u001b[39m","time":"2017-11-21T06:40:02.014Z","v":0}
{"name":"hexo","hostname":"admins-iMac.local","pid":2486,"level":20,"msg":"Processed: \u001b[35m_posts/20170109.md\u001b[39m","time":"2017-11-21T06:40:02.014Z","v":0}
{"name":"hexo","hostname":"admins-iMac.local","pid":2486,"level":20,"msg":"Processed: \u001b[35m_posts/20170111.md\u001b[39m","time":"2017-11-21T06:40:02.014Z","v":0}
{"name":"hexo","hostname":"admins-iMac.local","pid":2486,"level":20,"msg":"Processed: \u001b[35m_posts/20170112.md\u001b[39m","time":"2017-11-21T06:40:02.014Z","v":0}
{"name":"hexo","hostname":"admins-iMac.local","pid":2486,"level":20,"msg":"Processed: \u001b[35m_posts/20170114.md\u001b[39m","time":"2017-11-21T06:40:02.014Z","v":0}
{"name":"hexo","hostname":"admins-iMac.local","pid":2486,"level":20,"msg":"Processed: \u001b[35m_posts/20170127.md\u001b[39m","time":"2017-11-21T06:40:02.014Z","v":0}
{"name":"hexo","hostname":"admins-iMac.local","pid":2486,"level":20,"msg":"Processed: \u001b[35m_posts/20170204.md\u001b[39m","time":"2017-11-21T06:40:02.015Z","v":0}
{"name":"hexo","hostname":"admins-iMac.local","pid":2486,"level":20,"msg":"Processed: \u001b[35m_posts/20170205.md\u001b[39m","time":"2017-11-21T06:40:02.015Z","v":0}
{"name":"hexo","hostname":"admins-iMac.local","pid":2486,"level":20,"msg":"Processed: \u001b[35m_posts/20170221.md\u001b[39m","time":"2017-11-21T06:40:02.015Z","v":0}
{"name":"hexo","hostname":"admins-iMac.local","pid":2486,"level":20,"msg":"Processed: \u001b[35m_posts/20170301.md\u001b[39m","time":"2017-11-21T06:40:02.015Z","v":0}
{"name":"hexo","hostname":"admins-iMac.local","pid":2486,"level":20,"msg":"Processed: \u001b[35m_posts/20170304.md\u001b[39m","time":"2017-11-21T06:40:02.015Z","v":0}
{"name":"hexo","hostname":"admins-iMac.local","pid":2486,"level":20,"msg":"Processed: \u001b[35m_posts/20170309.md\u001b[39m","time":"2017-11-21T06:40:02.015Z","v":0}
{"name":"hexo","hostname":"admins-iMac.local","pid":2486,"level":20,"msg":"Processed: \u001b[35m_posts/20170311.md\u001b[39m","time":"2017-11-21T06:40:02.015Z","v":0}
{"name":"hexo","hostname":"admins-iMac.local","pid":2486,"level":20,"msg":"Processed: \u001b[35m_posts/20170313.md\u001b[39m","time":"2017-11-21T06:40:02.015Z","v":0}
{"name":"hexo","hostname":"admins-iMac.local","pid":2486,"level":20,"msg":"Processed: \u001b[35m_posts/20170409.md\u001b[39m","time":"2017-11-21T06:40:02.015Z","v":0}
{"name":"hexo","hostname":"admins-iMac.local","pid":2486,"level":20,"msg":"Processed: \u001b[35m_posts/20170421.md\u001b[39m","time":"2017-11-21T06:40:02.015Z","v":0}
{"name":"hexo","hostname":"admins-iMac.local","pid":2486,"level":20,"msg":"Processed: \u001b[35m_posts/20170423.md\u001b[39m","time":"2017-11-21T06:40:02.015Z","v":0}
{"name":"hexo","hostname":"admins-iMac.local","pid":2486,"level":20,"msg":"Processed: \u001b[35m_posts/20170425.md\u001b[39m","time":"2017-11-21T06:40:02.015Z","v":0}
{"name":"hexo","hostname":"admins-iMac.local","pid":2486,"level":20,"msg":"Processed: \u001b[35m_posts/20170505.md\u001b[39m","time":"2017-11-21T06:40:02.015Z","v":0}
{"name":"hexo","hostname":"admins-iMac.local","pid":2486,"level":20,"msg":"Processed: \u001b[35m_posts/20170507.md\u001b[39m","time":"2017-11-21T06:40:02.015Z","v":0}
{"name":"hexo","hostname":"admins-iMac.local","pid":2486,"level":20,"msg":"Processed: \u001b[35m_posts/20170513.md\u001b[39m","time":"2017-11-21T06:40:02.015Z","v":0}
{"name":"hexo","hostname":"admins-iMac.local","pid":2486,"level":20,"msg":"Processed: \u001b[35m_posts/20170522.md\u001b[39m","time":"2017-11-21T06:40:02.015Z","v":0}
{"name":"hexo","hostname":"admins-iMac.local","pid":2486,"level":20,"msg":"Processed: \u001b[35m_posts/20170529.md\u001b[39m","time":"2017-11-21T06:40:02.015Z","v":0}
{"name":"hexo","hostname":"admins-iMac.local","pid":2486,"level":20,"msg":"Processed: \u001b[35m_posts/20170602.md\u001b[39m","time":"2017-11-21T06:40:02.015Z","v":0}
{"name":"hexo","hostname":"admins-iMac.local","pid":2486,"level":20,"msg":"Processed: \u001b[35m_posts/20170606.md\u001b[39m","time":"2017-11-21T06:40:02.015Z","v":0}
{"name":"hexo","hostname":"admins-iMac.local","pid":2486,"level":20,"msg":"Processed: \u001b[35m_posts/20170609.md\u001b[39m","time":"2017-11-21T06:40:02.015Z","v":0}
{"name":"hexo","hostname":"admins-iMac.local","pid":2486,"level":20,"msg":"Processed: \u001b[35m_posts/20170616.md\u001b[39m","time":"2017-11-21T06:40:02.015Z","v":0}
{"name":"hexo","hostname":"admins-iMac.local","pid":2486,"level":20,"msg":"Processed: \u001b[35m_posts/20170617.md\u001b[39m","time":"2017-11-21T06:40:02.015Z","v":0}
{"name":"hexo","hostname":"admins-iMac.local","pid":2486,"level":20,"msg":"Processed: \u001b[35m_posts/20170618.md\u001b[39m","time":"2017-11-21T06:40:02.015Z","v":0}
{"name":"hexo","hostname":"admins-iMac.local","pid":2486,"level":20,"msg":"Processed: \u001b[35m_posts/20170630.md\u001b[39m","time":"2017-11-21T06:40:02.015Z","v":0}
{"name":"hexo","hostname":"admins-iMac.local","pid":2486,"level":20,"msg":"Processed: \u001b[35m_posts/20170701.md\u001b[39m","time":"2017-11-21T06:40:02.015Z","v":0}
{"name":"hexo","hostname":"admins-iMac.local","pid":2486,"level":20,"msg":"Processed: \u001b[35m_posts/20170703.md\u001b[39m","time":"2017-11-21T06:40:02.015Z","v":0}
{"name":"hexo","hostname":"admins-iMac.local","pid":2486,"level":20,"msg":"Processed: \u001b[35m_posts/20170704.md\u001b[39m","time":"2017-11-21T06:40:02.015Z","v":0}
{"name":"hexo","hostname":"admins-iMac.local","pid":2486,"level":20,"msg":"Processed: \u001b[35m_posts/20170707.md\u001b[39m","time":"2017-11-21T06:40:02.016Z","v":0}
{"name":"hexo","hostname":"admins-iMac.local","pid":2486,"level":20,"msg":"Processed: \u001b[35m_posts/20170708.md\u001b[39m","time":"2017-11-21T06:40:02.016Z","v":0}
{"name":"hexo","hostname":"admins-iMac.local","pid":2486,"level":20,"msg":"Processed: \u001b[35m_posts/20170709.md\u001b[39m","time":"2017-11-21T06:40:02.016Z","v":0}
{"name":"hexo","hostname":"admins-iMac.local","pid":2486,"level":20,"msg":"Processed: \u001b[35m_posts/20170726.md\u001b[39m","time":"2017-11-21T06:40:02.016Z","v":0}
{"name":"hexo","hostname":"admins-iMac.local","pid":2486,"level":20,"msg":"Processed: \u001b[35m_posts/20170731.md\u001b[39m","time":"2017-11-21T06:40:02.016Z","v":0}
{"name":"hexo","hostname":"admins-iMac.local","pid":2486,"level":20,"msg":"Processed: \u001b[35m_posts/20170801.md\u001b[39m","time":"2017-11-21T06:40:02.016Z","v":0}
{"name":"hexo","hostname":"admins-iMac.local","pid":2486,"level":20,"msg":"Processed: \u001b[35m_posts/20170802.md\u001b[39m","time":"2017-11-21T06:40:02.016Z","v":0}
{"name":"hexo","hostname":"admins-iMac.local","pid":2486,"level":20,"msg":"Processed: \u001b[35m_posts/20170803.md\u001b[39m","time":"2017-11-21T06:40:02.016Z","v":0}
{"name":"hexo","hostname":"admins-iMac.local","pid":2486,"level":20,"msg":"Processed: \u001b[35m_posts/20170807.md\u001b[39m","time":"2017-11-21T06:40:02.016Z","v":0}
{"name":"hexo","hostname":"admins-iMac.local","pid":2486,"level":20,"msg":"Processed: \u001b[35m_posts/20170810_IBM_Japan.md\u001b[39m","time":"2017-11-21T06:40:02.016Z","v":0}
{"name":"hexo","hostname":"admins-iMac.local","pid":2486,"level":20,"msg":"Processed: \u001b[35m_posts/20170810_Tata.md\u001b[39m","time":"2017-11-21T06:40:02.016Z","v":0}
{"name":"hexo","hostname":"admins-iMac.local","pid":2486,"level":20,"msg":"Processed: \u001b[35m_posts/20170810_Toppan.md\u001b[39m","time":"2017-11-21T06:40:02.016Z","v":0}
{"name":"hexo","hostname":"admins-iMac.local","pid":2486,"level":20,"msg":"Processed: \u001b[35m_posts/20170817_MitaniShoJi.md\u001b[39m","time":"2017-11-21T06:40:02.016Z","v":0}
{"name":"hexo","hostname":"admins-iMac.local","pid":2486,"level":20,"msg":"Processed: \u001b[35m_posts/20170817_Nitori.md\u001b[39m","time":"2017-11-21T06:40:02.016Z","v":0}
{"name":"hexo","hostname":"admins-iMac.local","pid":2486,"level":20,"msg":"Processed: \u001b[35m_posts/20170828_IBM_Japan.md\u001b[39m","time":"2017-11-21T06:40:02.016Z","v":0}
{"name":"hexo","hostname":"admins-iMac.local","pid":2486,"level":20,"msg":"Processed: \u001b[35m_posts/20170829_AEON_bank.md\u001b[39m","time":"2017-11-21T06:40:02.016Z","v":0}
{"name":"hexo","hostname":"admins-iMac.local","pid":2486,"level":20,"msg":"Processed: \u001b[35m_posts/20170830_now_I_decide_to_find_job.md\u001b[39m","time":"2017-11-21T06:40:02.016Z","v":0}
{"name":"hexo","hostname":"admins-iMac.local","pid":2486,"level":20,"msg":"Processed: \u001b[35m_posts/20170901_FujiSoft.md\u001b[39m","time":"2017-11-21T06:40:02.016Z","v":0}
{"name":"hexo","hostname":"admins-iMac.local","pid":2486,"level":20,"msg":"Processed: \u001b[35m_posts/20170905_NissianCheti.md\u001b[39m","time":"2017-11-21T06:40:02.016Z","v":0}
{"name":"hexo","hostname":"admins-iMac.local","pid":2486,"level":20,"msg":"Processed: \u001b[35m_posts/20170909_event_for_language_school.md\u001b[39m","time":"2017-11-21T06:40:02.016Z","v":0}
{"name":"hexo","hostname":"admins-iMac.local","pid":2486,"level":20,"msg":"Processed: \u001b[35m_posts/20170911_intern_datongseimei.md\u001b[39m","time":"2017-11-21T06:40:02.016Z","v":0}
{"name":"hexo","hostname":"admins-iMac.local","pid":2486,"level":20,"msg":"Processed: \u001b[35m_posts/20170912_19_party.md\u001b[39m","time":"2017-11-21T06:40:02.016Z","v":0}
{"name":"hexo","hostname":"admins-iMac.local","pid":2486,"level":20,"msg":"Processed: \u001b[35m_posts/20170912_zhihu.md\u001b[39m","time":"2017-11-21T06:40:02.016Z","v":0}
{"name":"hexo","hostname":"admins-iMac.local","pid":2486,"level":20,"msg":"Processed: \u001b[35m_posts/20170915_SAP.md\u001b[39m","time":"2017-11-21T06:40:02.016Z","v":0}
{"name":"hexo","hostname":"admins-iMac.local","pid":2486,"level":20,"msg":"Processed: \u001b[35m_posts/20170922_waseda_course.md\u001b[39m","time":"2017-11-21T06:40:02.016Z","v":0}
{"name":"hexo","hostname":"admins-iMac.local","pid":2486,"level":20,"msg":"Processed: \u001b[35m_posts/20170925_weChat_verfication.md\u001b[39m","time":"2017-11-21T06:40:02.016Z","v":0}
{"name":"hexo","hostname":"admins-iMac.local","pid":2486,"level":20,"msg":"Processed: \u001b[35m_posts/20170928_toyo_course copy.md\u001b[39m","time":"2017-11-21T06:40:02.017Z","v":0}
{"name":"hexo","hostname":"admins-iMac.local","pid":2486,"level":20,"msg":"Processed: \u001b[35m_posts/20171004_mid_autumn_2017.md\u001b[39m","time":"2017-11-21T06:40:02.017Z","v":0}
{"name":"hexo","hostname":"admins-iMac.local","pid":2486,"level":20,"msg":"Processed: \u001b[35m_posts/20171007_kyoto_university_course.md\u001b[39m","time":"2017-11-21T06:40:02.017Z","v":0}
{"name":"hexo","hostname":"admins-iMac.local","pid":2486,"level":20,"msg":"Processed: \u001b[35m_posts/20171012_shuto_tokyo_university.md\u001b[39m","time":"2017-11-21T06:40:02.017Z","v":0}
{"name":"hexo","hostname":"admins-iMac.local","pid":2486,"level":20,"msg":"Processed: \u001b[35m_posts/20171021_xin_dong_fang_recdruiting.md\u001b[39m","time":"2017-11-21T06:40:02.017Z","v":0}
{"name":"hexo","hostname":"admins-iMac.local","pid":2486,"level":20,"msg":"Processed: \u001b[35m_posts/20171023_ID_Badge.md\u001b[39m","time":"2017-11-21T06:40:02.017Z","v":0}
{"name":"hexo","hostname":"admins-iMac.local","pid":2486,"level":20,"msg":"Processed: \u001b[35m_posts/20171028_personal_interview.md\u001b[39m","time":"2017-11-21T06:40:02.017Z","v":0}
{"name":"hexo","hostname":"admins-iMac.local","pid":2486,"level":20,"msg":"Processed: \u001b[35m_posts/20171101_tokyo_not_shoot_defense.md\u001b[39m","time":"2017-11-21T06:40:02.017Z","v":0}
{"name":"hexo","hostname":"admins-iMac.local","pid":2486,"level":20,"msg":"Processed: \u001b[35m_posts/20171104_kansei_OBOG_party.md\u001b[39m","time":"2017-11-21T06:40:02.017Z","v":0}
{"name":"hexo","hostname":"admins-iMac.local","pid":2486,"level":20,"msg":"Processed: \u001b[35m_posts/20171111_nagoya_university.md\u001b[39m","time":"2017-11-21T06:40:02.017Z","v":0}
{"name":"hexo","hostname":"admins-iMac.local","pid":2486,"level":20,"msg":"Processed: \u001b[35m_posts/20171111_takakosan.md\u001b[39m","time":"2017-11-21T06:40:02.017Z","v":0}
{"name":"hexo","hostname":"admins-iMac.local","pid":2486,"level":20,"msg":"Processed: \u001b[35mimg/avatar.jpg\u001b[39m","time":"2017-11-21T06:40:02.018Z","v":0}
{"name":"hexo","hostname":"admins-iMac.local","pid":2486,"level":20,"msg":"Processed: \u001b[35mphotos/index.md\u001b[39m","time":"2017-11-21T06:40:02.020Z","v":0}
{"name":"hexo","hostname":"admins-iMac.local","pid":2486,"level":20,"msg":"Processed: \u001b[35mtags/index.md\u001b[39m","time":"2017-11-21T06:40:02.020Z","v":0}
{"name":"hexo","hostname":"admins-iMac.local","pid":2486,"level":60,"err":{"message":"(unknown path) [Line 1, Column 2]\n  unknown block tag: note","name":"Template render error","stack":"Template render error: (unknown path) [Line 1, Column 2]\n  unknown block tag: note\n    at Object.exports.prettifyError (/Users/admin/Documents/GITREPO/30_qilian_blog/node_modules/nunjucks/src/lib.js:34:15)\n    at new_cls.render (/Users/admin/Documents/GITREPO/30_qilian_blog/node_modules/nunjucks/src/environment.js:469:27)\n    at new_cls.renderString (/Users/admin/Documents/GITREPO/30_qilian_blog/node_modules/nunjucks/src/environment.js:327:21)\n    at /Users/admin/Documents/GITREPO/30_qilian_blog/node_modules/hexo/lib/extend/tag.js:66:9\n    at Promise._execute (/Users/admin/Documents/GITREPO/30_qilian_blog/node_modules/bluebird/js/release/debuggability.js:300:9)\n    at Promise._resolveFromExecutor (/Users/admin/Documents/GITREPO/30_qilian_blog/node_modules/bluebird/js/release/promise.js:483:18)\n    at new Promise (/Users/admin/Documents/GITREPO/30_qilian_blog/node_modules/bluebird/js/release/promise.js:79:10)\n    at Tag.render (/Users/admin/Documents/GITREPO/30_qilian_blog/node_modules/hexo/lib/extend/tag.js:64:10)\n    at Object.tagFilter [as onRenderEnd] (/Users/admin/Documents/GITREPO/30_qilian_blog/node_modules/hexo/lib/hexo/post.js:253:16)\n    at /Users/admin/Documents/GITREPO/30_qilian_blog/node_modules/hexo/lib/hexo/render.js:65:19\n    at tryCatcher (/Users/admin/Documents/GITREPO/30_qilian_blog/node_modules/bluebird/js/release/util.js:16:23)\n    at Promise._settlePromiseFromHandler (/Users/admin/Documents/GITREPO/30_qilian_blog/node_modules/bluebird/js/release/promise.js:512:31)\n    at Promise._settlePromise (/Users/admin/Documents/GITREPO/30_qilian_blog/node_modules/bluebird/js/release/promise.js:569:18)\n    at Promise._settlePromise0 (/Users/admin/Documents/GITREPO/30_qilian_blog/node_modules/bluebird/js/release/promise.js:614:10)\n    at Promise._settlePromises (/Users/admin/Documents/GITREPO/30_qilian_blog/node_modules/bluebird/js/release/promise.js:693:18)\n    at Async._drainQueue (/Users/admin/Documents/GITREPO/30_qilian_blog/node_modules/bluebird/js/release/async.js:133:16)\n    at Async._drainQueues (/Users/admin/Documents/GITREPO/30_qilian_blog/node_modules/bluebird/js/release/async.js:143:10)\n    at Immediate.Async.drainQueues [as _onImmediate] (/Users/admin/Documents/GITREPO/30_qilian_blog/node_modules/bluebird/js/release/async.js:17:14)\n    at runCallback (timers.js:789:20)\n    at tryOnImmediate (timers.js:751:5)\n    at processImmediate [as _immediateCallback] (timers.js:722:5)"},"msg":"Something's wrong. Maybe you can find the solution here: \u001b[4mhttp://hexo.io/docs/troubleshooting.html\u001b[24m","time":"2017-11-21T06:40:02.309Z","v":0}
{"name":"hexo","hostname":"admins-iMac.local","pid":2486,"level":20,"msg":"Database saved","time":"2017-11-21T06:40:02.404Z","v":0}
